In file included from [01m[K/home/xybxy/simulation/src/chassis_hw/include/chassis_hw/usb_can.h:10[m[K,
                 from [01m[K/home/xybxy/simulation/src/chassis_hw/src/usb_can.cpp:1[m[K:
[01m[K/home/xybxy/simulation/src/chassis_hw/include/chassis_hw/chassis_hw.h:83:19:[m[K [01;31m[Kerror: [m[K‘[01m[KUsbCan[m[K’ was not declared in this scope
   83 |   std::unique_ptr<[01;31m[KUsbCan[m[K> usb_can_;
      |                   [01;31m[K^~~~~~[m[K
[01m[K/home/xybxy/simulation/src/chassis_hw/include/chassis_hw/chassis_hw.h:83:25:[m[K [01;31m[Kerror: [m[Ktemplate argument 1 is invalid
   83 |   std::unique_ptr<UsbCan[01;31m[K>[m[K usb_can_;
      |                         [01;31m[K^[m[K
[01m[K/home/xybxy/simulation/src/chassis_hw/include/chassis_hw/chassis_hw.h:83:25:[m[K [01;31m[Kerror: [m[Ktemplate argument 2 is invalid
[01m[K/home/xybxy/simulation/src/chassis_hw/src/chassis_hw.cpp:[m[K In member function ‘[01m[Kvirtual void chassis_hw::ChassisHW::read(const ros::Time&, const ros::Duration&)[m[K’:
[01m[K/home/xybxy/simulation/src/chassis_hw/src/chassis_hw.cpp:95:47:[m[K [01;31m[Kerror: [m[Kinvalid use of incomplete type ‘[01m[Kstruct MotorData[m[K’
   95 |     MotorData data = usb_can_->getMotorData(id[01;31m[K)[m[K;
      |                                               [01;31m[K^[m[K
In file included from [01m[K/home/xybxy/simulation/src/chassis_hw/include/chassis_hw/chassis_hw.h:13[m[K,
                 from [01m[K/home/xybxy/simulation/src/chassis_hw/src/chassis_hw.cpp:1[m[K:
[01m[K/home/xybxy/simulation/src/chassis_hw/include/chassis_hw/usb_can.h:11:8:[m[K [01;36m[Knote: [m[Kforward declaration of ‘[01m[Kstruct MotorData[m[K’
   11 | struct [01;36m[KMotorData[m[K;
      |        [01;36m[K^~~~~~~~~[m[K
[01m[K/home/xybxy/simulation/src/chassis_hw/src/chassis_hw.cpp:[m[K In member function ‘[01m[Kvirtual void chassis_hw::ChassisHW::write(const ros::Time&, const ros::Duration&)[m[K’:
[01m[K/home/xybxy/simulation/src/chassis_hw/src/chassis_hw.cpp:126:36:[m[K [01;31m[Kerror: [m[Kcannot convert ‘[01m[Kchassis_hw::MotorCommand[m[K’ to ‘[01m[Kconst MotorCommand&[m[K’
  126 |     usb_can_->sendMotorCommand(id, [01;31m[Kcmd[m[K);
      |                                    [01;31m[K^~~[m[K
      |                                    [01;31m[K|[m[K
      |                                    [01;31m[Kchassis_hw::MotorCommand[m[K
In file included from [01m[K/home/xybxy/simulation/src/chassis_hw/include/chassis_hw/chassis_hw.h:13[m[K,
                 from [01m[K/home/xybxy/simulation/src/chassis_hw/src/chassis_hw.cpp:1[m[K:
[01m[K/home/xybxy/simulation/src/chassis_hw/include/chassis_hw/usb_can.h:52:59:[m[K [01;36m[Knote: [m[K  initializing argument 2 of ‘[01m[Kvoid chassis_hw::UsbCan::sendMotorCommand(int, const MotorCommand&)[m[K’
   52 |   void sendMotorCommand(int motor_id, [01;36m[Kconst MotorCommand& cmd[m[K);
      |                                       [01;36m[K~~~~~~~~~~~~~~~~~~~~^~~[m[K
In file included from [01m[K/usr/include/c++/9/bits/stl_algobase.h:64[m[K,
                 from [01m[K/usr/include/c++/9/bits/char_traits.h:39[m[K,
                 from [01m[K/usr/include/c++/9/string:40[m[K,
                 from [01m[K/opt/ros/noetic/include/hardware_interface/joint_command_interface.h:34[m[K,
                 from [01m[K/home/xybxy/simulation/src/chassis_hw/include/chassis_hw/chassis_hw.h:4[m[K,
                 from [01m[K/home/xybxy/simulation/src/chassis_hw/src/chassis_hw.cpp:1[m[K:
/usr/include/c++/9/bits/stl_pair.h: In instantiation of ‘[01m[Kstruct std::pair<const int, MotorData>[m[K’:
[01m[K/usr/include/c++/9/ext/aligned_buffer.h:56:65:[m[K   required from ‘[01m[Kstruct __gnu_cxx::__aligned_membuf<std::pair<const int, MotorData> >[m[K’
[01m[K/usr/include/c++/9/bits/stl_tree.h:231:41:[m[K   required from ‘[01m[Kstruct std::_Rb_tree_node<std::pair<const int, MotorData> >[m[K’
[01m[K/usr/include/c++/9/bits/stl_tree.h:1918:21:[m[K   required from ‘[01m[Kvoid std::_Rb_tree<_Key, _Val, _KeyOfValue, _Compare, _Alloc>::_M_erase(std::_Rb_tree<_Key, _Val, _KeyOfValue, _Compare, _Alloc>::_Link_type) [with _Key = int; _Val = std::pair<const int, MotorData>; _KeyOfValue = std::_Select1st<std::pair<const int, MotorData> >; _Compare = std::less<int>; _Alloc = std::allocator<std::pair<const int, MotorData> >; std::_Rb_tree<_Key, _Val, _KeyOfValue, _Compare, _Alloc>::_Link_type = std::_Rb_tree_node<std::pair<const int, MotorData> >*][m[K’
[01m[K/usr/include/c++/9/bits/stl_tree.h:1000:9:[m[K   required from ‘[01m[Kstd::_Rb_tree<_Key, _Val, _KeyOfValue, _Compare, _Alloc>::~_Rb_tree() [with _Key = int; _Val = std::pair<const int, MotorData>; _KeyOfValue = std::_Select1st<std::pair<const int, MotorData> >; _Compare = std::less<int>; _Alloc = std::allocator<std::pair<const int, MotorData> >][m[K’
[01m[K/usr/include/c++/9/bits/stl_map.h:183:7:[m[K   required from ‘[01m[Ktypename std::_MakeUniq<_Tp>::__single_object std::make_unique(_Args&& ...) [with _Tp = chassis_hw::UsbCan; _Args = {}; typename std::_MakeUniq<_Tp>::__single_object = std::unique_ptr<chassis_hw::UsbCan>][m[K’
[01m[K/home/xybxy/simulation/src/chassis_hw/src/chassis_hw.cpp:46:39:[m[K   required from here
[01m[K/usr/include/c++/9/bits/stl_pair.h:215:11:[m[K [01;31m[Kerror: [m[K‘[01m[Kstd::pair<_T1, _T2>::second[m[K’ has incomplete type
  215 |       _T2 [01;31m[Ksecond[m[K;                /// @c second is a copy of the second object
      |           [01;31m[K^~~~~~[m[K
In file included from [01m[K/home/xybxy/simulation/src/chassis_hw/include/chassis_hw/chassis_hw.h:13[m[K,
                 from [01m[K/home/xybxy/simulation/src/chassis_hw/src/chassis_hw.cpp:1[m[K:
[01m[K/home/xybxy/simulation/src/chassis_hw/include/chassis_hw/usb_can.h:11:8:[m[K [01;36m[Knote: [m[Kforward declaration of ‘[01m[Kstruct MotorData[m[K’
   11 | struct [01;36m[KMotorData[m[K;
      |        [01;36m[K^~~~~~~~~[m[K
make[2]: *** [CMakeFiles/chassis_hw.dir/build.make:76：CMakeFiles/chassis_hw.dir/src/usb_can.cpp.o] 错误 1
make[2]: *** 正在等待未完成的任务....
make[2]: *** [CMakeFiles/chassis_hw.dir/build.make:63：CMakeFiles/chassis_hw.dir/src/chassis_hw.cpp.o] 错误 1
make[1]: *** [CMakeFiles/Makefile2:746：CMakeFiles/chassis_hw.dir/all] 错误 2
make: *** [Makefile:141：all] 错误 2
