In file included from [01m[K/home/xybxy/simulation/src/chassis_hw/src/chassis_hw.cpp:1[m[K:
[01m[K/home/xybxy/simulation/src/chassis_hw/include/chassis_hw/chassis_hw.h:39:3:[m[K [01;31m[Kerror: [m[Kâ€˜[01m[KUsbCan[m[Kâ€™ does not name a type
   39 |   [01;31m[KUsbCan[m[K usb_can_;
      |   [01;31m[K^~~~~~[m[K
[01m[K/home/xybxy/simulation/src/chassis_hw/src/chassis_hw.cpp:[m[K In member function â€˜[01m[Kvirtual bool chassis_hw::ChassisHW::init(ros::NodeHandle&, ros::NodeHandle&)[m[Kâ€™:
[01m[K/home/xybxy/simulation/src/chassis_hw/src/chassis_hw.cpp:39:8:[m[K [01;31m[Kerror: [m[Kâ€˜[01m[Kusb_can_[m[Kâ€™ was not declared in this scope
   39 |   if (![01;31m[Kusb_can_[m[K.init(can_device, baud_rate)) {
      |        [01;31m[K^~~~~~~~[m[K
[01m[K/home/xybxy/simulation/src/chassis_hw/src/chassis_hw.cpp:[m[K In member function â€˜[01m[Kvirtual void chassis_hw::ChassisHW::read(const ros::Time&, const ros::Duration&)[m[Kâ€™:
[01m[K/home/xybxy/simulation/src/chassis_hw/src/chassis_hw.cpp:50:8:[m[K [01;31m[Kerror: [m[Kâ€˜[01m[Kusb_can_[m[Kâ€™ was not declared in this scope
   50 |   if (![01;31m[Kusb_can_[m[K.isConnected()) {
      |        [01;31m[K^~~~~~~~[m[K
[01m[K/home/xybxy/simulation/src/chassis_hw/src/chassis_hw.cpp:58:9:[m[K [01;31m[Kerror: [m[Kâ€˜[01m[Kusb_can_[m[Kâ€™ was not declared in this scope
   58 |     if ([01;31m[Kusb_can_[m[K.getMotorData(i, position, velocity, effort)) {
      |         [01;31m[K^~~~~~~~[m[K
[01m[K/home/xybxy/simulation/src/chassis_hw/src/chassis_hw.cpp:[m[K In member function â€˜[01m[Kvirtual void chassis_hw::ChassisHW::write(const ros::Time&, const ros::Duration&)[m[Kâ€™:
[01m[K/home/xybxy/simulation/src/chassis_hw/src/chassis_hw.cpp:70:8:[m[K [01;31m[Kerror: [m[Kâ€˜[01m[Kusb_can_[m[Kâ€™ was not declared in this scope
   70 |   if (![01;31m[Kusb_can_[m[K.isConnected()) {
      |        [01;31m[K^~~~~~~~[m[K
[01m[K/home/xybxy/simulation/src/chassis_hw/src/chassis_hw.cpp:77:10:[m[K [01;31m[Kerror: [m[Kâ€˜[01m[Kusb_can_[m[Kâ€™ was not declared in this scope
   77 |     if (![01;31m[Kusb_can_[m[K.sendMotorCommand(i, cmd_[i])) {
      |          [01;31m[K^~~~~~~~[m[K
make[2]: *** [CMakeFiles/chassis_hw.dir/build.make:63ï¼šCMakeFiles/chassis_hw.dir/src/chassis_hw.cpp.o] é”™è¯¯ 1
make[1]: *** [CMakeFiles/Makefile2:746ï¼šCMakeFiles/chassis_hw.dir/all] é”™è¯¯ 2
make: *** [Makefile:141ï¼šall] é”™è¯¯ 2
