In file included from [01m[K/usr/include/c++/9/memory:80[m[K,
                 from [01m[K/usr/include/boost/function/function_base.hpp:16[m[K,
                 from [01m[K/usr/include/boost/function/detail/prologue.hpp:17[m[K,
                 from [01m[K/usr/include/boost/function.hpp:30[m[K,
                 from [01m[K/home/xybxy/simulation/src/chassis_hw/include/chassis_hw/usb_can.h:9[m[K,
                 from [01m[K/home/xybxy/simulation/src/chassis_hw/src/usb_can.cpp:1[m[K:
/usr/include/c++/9/bits/unique_ptr.h: In instantiation of ‘[01m[Kvoid std::default_delete<_Tp>::operator()(_Tp*) const [with _Tp = UsbCan][m[K’:
[01m[K/usr/include/c++/9/bits/unique_ptr.h:292:17:[m[K   required from ‘[01m[Kstd::unique_ptr<_Tp, _Dp>::~unique_ptr() [with _Tp = UsbCan; _Dp = std::default_delete<UsbCan>][m[K’
[01m[K/home/xybxy/simulation/src/chassis_hw/include/chassis_hw/chassis_hw.h:43:3:[m[K   required from ‘[01m[KB* class_loader::impl::MetaObject<C, B>::create() const [with C = chassis_hw::ChassisHW; B = hardware_interface::RobotHW][m[K’
[01m[K/opt/ros/noetic/include/class_loader/meta_object.hpp:196:7:[m[K   required from here
[01m[K/usr/include/c++/9/bits/unique_ptr.h:79:16:[m[K [01;31m[Kerror: [m[Kinvalid application of ‘[01m[Ksizeof[m[K’ to incomplete type ‘[01m[KUsbCan[m[K’
   79 |  static_assert([01;31m[Ksizeof(_Tp)[m[K>0,
      |                [01;31m[K^~~~~~~~~~~[m[K
make[2]: *** [CMakeFiles/chassis_hw.dir/build.make:76：CMakeFiles/chassis_hw.dir/src/usb_can.cpp.o] 错误 1
make[2]: *** 正在等待未完成的任务....
make[1]: *** [CMakeFiles/Makefile2:746：CMakeFiles/chassis_hw.dir/all] 错误 2
make: *** [Makefile:141：all] 错误 2
