In file included from [01m[K/home/xybxy/simulation/src/chassis_hw/include/chassis_hw/chassis_hw.h:14[m[K,
                 from [01m[K/home/xybxy/simulation/src/chassis_hw/src/chassis_hw.cpp:1[m[K:
[01m[K/home/xybxy/simulation/src/chassis_hw/include/chassis_hw/usb_can.h:44:3:[m[K [01;31m[Kerror: [m[K‚Äò[01m[KMotorData[m[K‚Äô does not name a type
   44 |   [01;31m[KMotorData[m[K getMotorData(int motor_id);
      |   [01;31m[K^~~~~~~~~[m[K
[01m[K/home/xybxy/simulation/src/chassis_hw/include/chassis_hw/usb_can.h:51:45:[m[K [01;31m[Kerror: [m[K‚Äò[01m[KMotorCommand[m[K‚Äô does not name a type
   51 |   void sendMotorCommand(int motor_id, const [01;31m[KMotorCommand[m[K& cmd);
      |                                             [01;31m[K^~~~~~~~~~~~[m[K
[01m[K/home/xybxy/simulation/src/chassis_hw/include/chassis_hw/usb_can.h:68:17:[m[K [01;31m[Kerror: [m[K‚Äò[01m[KMotorData[m[K‚Äô was not declared in this scope
   68 |   std::map<int, [01;31m[KMotorData[m[K> motor_data_;
      |                 [01;31m[K^~~~~~~~~[m[K
[01m[K/home/xybxy/simulation/src/chassis_hw/include/chassis_hw/usb_can.h:68:26:[m[K [01;31m[Kerror: [m[Ktemplate argument 2 is invalid
   68 |   std::map<int, MotorData[01;31m[K>[m[K motor_data_;
      |                          [01;31m[K^[m[K
[01m[K/home/xybxy/simulation/src/chassis_hw/include/chassis_hw/usb_can.h:68:26:[m[K [01;31m[Kerror: [m[Ktemplate argument 4 is invalid
[01m[K/home/xybxy/simulation/src/chassis_hw/include/chassis_hw/usb_can.h:78:57:[m[K [01;31m[Kerror: [m[K‚Äò[01m[KMotorCommand[m[K‚Äô does not name a type
   78 |   can_frame createM3508CommandFrame(int motor_id, const [01;31m[KMotorCommand[m[K& cmd);
      |                                                         [01;31m[K^~~~~~~~~~~~[m[K
[01m[K/home/xybxy/simulation/src/chassis_hw/src/chassis_hw.cpp:[m[K In member function ‚Äò[01m[Kvirtual void chassis_hw::ChassisHW::read(const ros::Time&, const ros::Duration&)[m[K‚Äô:
[01m[K/home/xybxy/simulation/src/chassis_hw/src/chassis_hw.cpp:95:32:[m[K [01;31m[Kerror: [m[K‚Äò[01m[Kclass chassis_hw::UsbCan[m[K‚Äô has no member named ‚Äò[01m[KgetMotorData[m[K‚Äô
   95 |     MotorData data = usb_can_->[01;31m[KgetMotorData[m[K(id);
      |                                [01;31m[K^~~~~~~~~~~~[m[K
[01m[K/home/xybxy/simulation/src/chassis_hw/src/chassis_hw.cpp:[m[K In member function ‚Äò[01m[Kvirtual void chassis_hw::ChassisHW::write(const ros::Time&, const ros::Duration&)[m[K‚Äô:
[01m[K/home/xybxy/simulation/src/chassis_hw/src/chassis_hw.cpp:126:36:[m[K [01;31m[Kerror: [m[Kcannot convert ‚Äò[01m[Kchassis_hw::MotorCommand[m[K‚Äô to ‚Äò[01m[Kconst int&[m[K‚Äô
  126 |     usb_can_->sendMotorCommand(id, [01;31m[Kcmd[m[K);
      |                                    [01;31m[K^~~[m[K
      |                                    [01;31m[K|[m[K
      |                                    [01;31m[Kchassis_hw::MotorCommand[m[K
In file included from [01m[K/home/xybxy/simulation/src/chassis_hw/include/chassis_hw/chassis_hw.h:14[m[K,
                 from [01m[K/home/xybxy/simulation/src/chassis_hw/src/chassis_hw.cpp:1[m[K:
[01m[K/home/xybxy/simulation/src/chassis_hw/include/chassis_hw/usb_can.h:51:59:[m[K [01;36m[Knote: [m[K  initializing argument 2 of ‚Äò[01m[Kvoid chassis_hw::UsbCan::sendMotorCommand(int, const int&)[m[K‚Äô
   51 |   void sendMotorCommand(int motor_id, [01;36m[Kconst MotorCommand& cmd[m[K);
      |                                       [01;36m[K~~~~~~~~~~~~~~~~~~~~^~~[m[K
In file included from [01m[K/usr/include/c++/9/memory:80[m[K,
                 from [01m[K/usr/include/boost/function/function_base.hpp:16[m[K,
                 from [01m[K/usr/include/boost/function/detail/prologue.hpp:17[m[K,
                 from [01m[K/usr/include/boost/function.hpp:30[m[K,
                 from [01m[K/home/xybxy/simulation/src/chassis_hw/include/chassis_hw/usb_can.h:9[m[K,
                 from [01m[K/home/xybxy/simulation/src/chassis_hw/src/usb_can.cpp:1[m[K:
/usr/include/c++/9/bits/unique_ptr.h: In instantiation of ‚Äò[01m[Kvoid std::default_delete<_Tp>::operator()(_Tp*) const [with _Tp = UsbCan][m[K‚Äô:
[01m[K/usr/include/c++/9/bits/unique_ptr.h:292:17:[m[K   required from ‚Äò[01m[Kstd::unique_ptr<_Tp, _Dp>::~unique_ptr() [with _Tp = UsbCan; _Dp = std::default_delete<UsbCan>][m[K‚Äô
[01m[K/home/xybxy/simulation/src/chassis_hw/include/chassis_hw/chassis_hw.h:43:3:[m[K   required from ‚Äò[01m[KB* class_loader::impl::MetaObject<C, B>::create() const [with C = chassis_hw::ChassisHW; B = hardware_interface::RobotHW][m[K‚Äô
[01m[K/opt/ros/noetic/include/class_loader/meta_object.hpp:196:7:[m[K   required from here
[01m[K/usr/include/c++/9/bits/unique_ptr.h:79:16:[m[K [01;31m[Kerror: [m[Kinvalid application of ‚Äò[01m[Ksizeof[m[K‚Äô to incomplete type ‚Äò[01m[KUsbCan[m[K‚Äô
   79 |  static_assert([01;31m[Ksizeof(_Tp)[m[K>0,
      |                [01;31m[K^~~~~~~~~~~[m[K
make[2]: *** [CMakeFiles/chassis_hw.dir/build.make:76ÔºöCMakeFiles/chassis_hw.dir/src/usb_can.cpp.o] ÈîôËØØ 1
make[2]: *** Ê≠£Âú®Á≠âÂæÖÊú™ÂÆåÊàêÁöÑ‰ªªÂä°....
make[2]: *** [CMakeFiles/chassis_hw.dir/build.make:63ÔºöCMakeFiles/chassis_hw.dir/src/chassis_hw.cpp.o] ÈîôËØØ 1
make[1]: *** [CMakeFiles/Makefile2:746ÔºöCMakeFiles/chassis_hw.dir/all] ÈîôËØØ 2
make: *** [Makefile:141Ôºöall] ÈîôËØØ 2
